<?xml version="1.0" encoding="UTF-8"?>
<testsuite xmlns:xsi="http://www.w3.org/2001/XMLSchema-instance" xsi:noNamespaceSchemaLocation="https://maven.apache.org/surefire/maven-surefire-plugin/xsd/surefire-test-report-3.0.xsd" version="3.0" name="com.app.server.models.ServerModelsTest" time="0.159" tests="4" errors="0" skipped="0" failures="0">
  <properties>
[...]
</properties>
  <testcase name="logConstructorYSetters" classname="com.app.server.models.ServerModelsTest" time="0.075"/>
  <testcase name="documentoConstructorYSetters" classname="com.app.server.models.ServerModelsTest" time="0.013"/>
  <testcase name="clienteConectadoConstructorYSetters" classname="com.app.server.models.ServerModelsTest" time="0.01"/>
  <testcase name="documentoChunkConstructorYSetters" classname="com.app.server.models.ServerModelsTest" time="0.018"/>
</testsuite>