<?xml version="1.0" encoding="UTF-8"?>
<testsuite xmlns:xsi="http://www.w3.org/2001/XMLSchema-instance" xsi:noNamespaceSchemaLocation="https://maven.apache.org/surefire/maven-surefire-plugin/xsd/surefire-test-report-3.0.xsd" version="3.0" name="com.app.server.net.ClientPoolTest" time="0.264" tests="3" errors="0" skipped="0" failures="0">
  <properties>
[...]
</properties>
  <testcase name="registerUnregisterYShutdownAll" classname="com.app.server.net.ClientPoolTest" time="0.047"/>
  <testcase name="acquireBloqueaHastaRelease" classname="com.app.server.net.ClientPoolTest" time="0.213"/>
  <testcase name="tryAcquireYReleaseControlanCapacidad" classname="com.app.server.net.ClientPoolTest" time="0.002"/>
</testsuite>