<?xml version="1.0" encoding="UTF-8"?>
<testsuite xmlns:xsi="http://www.w3.org/2001/XMLSchema-instance" xsi:noNamespaceSchemaLocation="https://maven.apache.org/surefire/maven-surefire-plugin/xsd/surefire-test-report-3.0.xsd" version="3.0" name="com.app.server.http.HttpGatewayTest" time="0.0" tests="10" errors="0" skipped="10" failures="0">
  <properties>
[...]
</properties>
  <testcase name="logsEndpointResponde" classname="com.app.server.http.HttpGatewayTest" time="0.0">
    <skipped message="Requiere servidor HTTP real - ejecutar manualmente para integración"/>
  </testcase>
  <testcase name="staticFileHandlerResponde" classname="com.app.server.http.HttpGatewayTest" time="0.0">
    <skipped message="Requiere servidor HTTP real - ejecutar manualmente para integración"/>
  </testcase>
  <testcase name="logsEndpointConLimitQuery" classname="com.app.server.http.HttpGatewayTest" time="0.0">
    <skipped message="Requiere servidor HTTP real - ejecutar manualmente para integración"/>
  </testcase>
  <testcase name="gatewayPuedePararYReiniciar" classname="com.app.server.http.HttpGatewayTest" time="0.0">
    <skipped message="Requiere servidor HTTP real - ejecutar manualmente para integración"/>
  </testcase>
  <testcase name="clientesEndpointResponde" classname="com.app.server.http.HttpGatewayTest" time="0.0">
    <skipped message="Requiere servidor HTTP real - ejecutar manualmente para integración"/>
  </testcase>
  <testcase name="uploadEndpointRechazaSinContenido" classname="com.app.server.http.HttpGatewayTest" time="0.0">
    <skipped message="Requiere servidor HTTP real - ejecutar manualmente para integración"/>
  </testcase>
  <testcase name="healthEndpointRetornaJson" classname="com.app.server.http.HttpGatewayTest" time="0.0">
    <skipped message="Requiere servidor HTTP real - ejecutar manualmente para integración"/>
  </testcase>
  <testcase name="documentosEndpointResponde" classname="com.app.server.http.HttpGatewayTest" time="0.0">
    <skipped message="Requiere servidor HTTP real - ejecutar manualmente para integración"/>
  </testcase>
  <testcase name="contentTypeHeaders" classname="com.app.server.http.HttpGatewayTest" time="0.0">
    <skipped message="Requiere servidor HTTP real - ejecutar manualmente para integración"/>
  </testcase>
  <testcase name="healthEndpointResponde" classname="com.app.server.http.HttpGatewayTest" time="0.0">
    <skipped message="Requiere servidor HTTP real - ejecutar manualmente para integración"/>
  </testcase>
</testsuite>