<?xml version="1.0" encoding="UTF-8"?>
<testsuite xmlns:xsi="http://www.w3.org/2001/XMLSchema-instance" xsi:noNamespaceSchemaLocation="https://maven.apache.org/surefire/maven-surefire-plugin/xsd/surefire-test-report-3.0.xsd" version="3.0" name="com.app.server.dao.ClienteConectadoDAOTest" time="0.001" tests="11" errors="0" skipped="11" failures="0">
  <properties/>
  <testcase name="clienteConectadoFechaInicio" classname="com.app.server.dao.ClienteConectadoDAOTest" time="0.0">
    <skipped message="Requiere BD MySQL - ejecutar manualmente"/>
  </testcase>
  <testcase name="clienteConectadoPuertos" classname="com.app.server.dao.ClienteConectadoDAOTest" time="0.0">
    <skipped message="Requiere BD MySQL - ejecutar manualmente"/>
  </testcase>
  <testcase name="registraClienteConexito" classname="com.app.server.dao.ClienteConectadoDAOTest" time="0.0">
    <skipped message="Requiere BD MySQL - ejecutar manualmente"/>
  </testcase>
  <testcase name="registraMultiplesProtocolos" classname="com.app.server.dao.ClienteConectadoDAOTest" time="0.0">
    <skipped message="Requiere BD MySQL - ejecutar manualmente"/>
  </testcase>
  <testcase name="construyeClienteConValoresValidos" classname="com.app.server.dao.ClienteConectadoDAOTest" time="0.0">
    <skipped message="Requiere BD MySQL - ejecutar manualmente"/>
  </testcase>
  <testcase name="clienteConectadoProtocolos" classname="com.app.server.dao.ClienteConectadoDAOTest" time="0.0">
    <skipped message="Requiere BD MySQL - ejecutar manualmente"/>
  </testcase>
  <testcase name="registraClienteTCP" classname="com.app.server.dao.ClienteConectadoDAOTest" time="0.0">
    <skipped message="Requiere BD MySQL - ejecutar manualmente"/>
  </testcase>
  <testcase name="registraClienteUDP" classname="com.app.server.dao.ClienteConectadoDAOTest" time="0.0">
    <skipped message="Requiere BD MySQL - ejecutar manualmente"/>
  </testcase>
  <testcase name="registraClientesConIpsDiferentes" classname="com.app.server.dao.ClienteConectadoDAOTest" time="0.0">
    <skipped message="Requiere BD MySQL - ejecutar manualmente"/>
  </testcase>
  <testcase name="clienteConectadoToString" classname="com.app.server.dao.ClienteConectadoDAOTest" time="0.0">
    <skipped message="Requiere BD MySQL - ejecutar manualmente"/>
  </testcase>
  <testcase name="registraClienteHTTP" classname="com.app.server.dao.ClienteConectadoDAOTest" time="0.0">
    <skipped message="Requiere BD MySQL - ejecutar manualmente"/>
  </testcase>
</testsuite>